<?xml version="1.0" encoding="UTF-8"?>
<!-- Generated by org.testng.reporters.JUnitReportReporter -->
<testsuite hostname="LAPTOP-DBR0E06H" name="HomePageTest" tests="2" failures="0" timestamp="29 Nov 2019 01:58:57 GMT" time="3.307" errors="0">
  <testcase name="verifyemailaddress" time="3.185" classname="HomePageTest"/>
  <testcase name="VerifyBtns" time="0.122" classname="HomePageTest"/>
</testsuite> <!-- HomePageTest -->
